Flow report for SpaceInvadersGame
Mon Jun 10 08:11:27 2024
Quartus Prime Version 23.1std.0 Build 991 11/28/2023 SC Lite Edition


---------------------
; Table of Contents ;
---------------------
  1. Legal Notice
  2. Flow Summary
  3. Flow Settings
  4. Flow Non-Default Global Settings
  5. Flow Elapsed Time
  6. Flow OS Summary
  7. Flow Log
  8. Flow Messages
  9. Flow Suppressed Messages



----------------
; Legal Notice ;
----------------
Copyright (C) 2023  Intel Corporation. All rights reserved.
Your use of Intel Corporation's design tools, logic functions 
and other software and tools, and any partner logic 
functions, and any output files from any of the foregoing 
(including device programming or simulation files), and any 
associated documentation or information are expressly subject 
to the terms and conditions of the Intel Program License 
Subscription Agreement, the Intel Quartus Prime License Agreement,
the Intel FPGA IP License Agreement, or other applicable license
agreement, including, without limitation, that your use is for
the sole purpose of programming logic devices manufactured by
Intel and sold by Intel or its authorized distributors.  Please
refer to the applicable agreement for further details, at
https://fpgasoftware.intel.com/eula.



+-------------------------------------------------------------------------------------+
; Flow Summary                                                                        ;
+------------------------------------+------------------------------------------------+
; Flow Status                        ; Successful - Mon Jun 10 08:11:27 2024          ;
; Quartus Prime Version              ; 23.1std.0 Build 991 11/28/2023 SC Lite Edition ;
; Revision Name                      ; SpaceInvadersGame                              ;
; Top-level Entity Name              ; KeyDecode                                      ;
; Family                             ; MAX 10                                         ;
; Device                             ; 10M50DAF484C6GES                               ;
; Timing Models                      ; Preliminary                                    ;
; Total logic elements               ; 12 / 49,760 ( < 1 % )                          ;
;     Total combinational functions  ; 12 / 49,760 ( < 1 % )                          ;
;     Dedicated logic registers      ; 5 / 49,760 ( < 1 % )                           ;
; Total registers                    ; 5                                              ;
; Total pins                         ; 15 / 360 ( 4 % )                               ;
; Total virtual pins                 ; 0                                              ;
; Total memory bits                  ; 0 / 1,677,312 ( 0 % )                          ;
; Embedded Multiplier 9-bit elements ; 0 / 288 ( 0 % )                                ;
; Total PLLs                         ; 0 / 4 ( 0 % )                                  ;
; UFM blocks                         ; 0 / 1 ( 0 % )                                  ;
; ADC blocks                         ; 0 / 2 ( 0 % )                                  ;
+------------------------------------+------------------------------------------------+


+-----------------------------------------+
; Flow Settings                           ;
+-------------------+---------------------+
; Option            ; Setting             ;
+-------------------+---------------------+
; Start date & time ; 06/10/2024 08:11:11 ;
; Main task         ; Compilation         ;
; Revision Name     ; SpaceInvadersGame   ;
+-------------------+---------------------+


+-----------------------------------------------------------------------------------------------------------------------------------------------------------------------+
; Flow Non-Default Global Settings                                                                                                                                      ;
+--------------------------------------+----------------------------------------------------------+-------------------+-------------+-----------------------------------+
; Assignment Name                      ; Value                                                    ; Default Value     ; Entity Name ; Section Id                        ;
+--------------------------------------+----------------------------------------------------------+-------------------+-------------+-----------------------------------+
; COMPILER_SIGNATURE_ID                ; 1096407302305.171800347128412                            ; --                ; --          ; --                                ;
; EDA_DESIGN_INSTANCE_NAME             ; NA                                                       ; --                ; --          ; KeyboardReader_tb                 ;
; EDA_DESIGN_INSTANCE_NAME             ; NA                                                       ; --                ; --          ; MAC_tb                            ;
; EDA_DESIGN_INSTANCE_NAME             ; NA                                                       ; --                ; --          ; ParityCheck_tb                    ;
; EDA_DESIGN_INSTANCE_NAME             ; NA                                                       ; --                ; --          ; OutputBuffer_tb                   ;
; EDA_DESIGN_INSTANCE_NAME             ; NA                                                       ; --                ; --          ; KeyDecode_tb                      ;
; EDA_DESIGN_INSTANCE_NAME             ; NA                                                       ; --                ; --          ; BufferControl_tb                  ;
; EDA_DESIGN_INSTANCE_NAME             ; NA                                                       ; --                ; --          ; KeyControl_tb                     ;
; EDA_DESIGN_INSTANCE_NAME             ; NA                                                       ; --                ; --          ; OutputRegister_tb                 ;
; EDA_DESIGN_INSTANCE_NAME             ; NA                                                       ; --                ; --          ; SerialDispatcher_tb               ;
; EDA_DESIGN_INSTANCE_NAME             ; NA                                                       ; --                ; --          ; SerialControl_tb                  ;
; EDA_DESIGN_INSTANCE_NAME             ; NA                                                       ; --                ; --          ; SerialReceiver_tb                 ;
; EDA_DESIGN_INSTANCE_NAME             ; NA                                                       ; --                ; --          ; ShiftRegister_tb                  ;
; EDA_DESIGN_INSTANCE_NAME             ; NA                                                       ; --                ; --          ; KeyScan_tb                        ;
; EDA_DESIGN_INSTANCE_NAME             ; NA                                                       ; --                ; --          ; SerialController_tb               ;
; EDA_DESIGN_INSTANCE_NAME             ; NA                                                       ; --                ; --          ; RBC_tb                            ;
; EDA_DESIGN_INSTANCE_NAME             ; NA                                                       ; --                ; --          ; RingBuffer_tb                     ;
; EDA_GENERATE_FUNCTIONAL_NETLIST      ; Off                                                      ; --                ; --          ; eda_board_design_timing           ;
; EDA_GENERATE_FUNCTIONAL_NETLIST      ; Off                                                      ; --                ; --          ; eda_board_design_boundary_scan    ;
; EDA_GENERATE_FUNCTIONAL_NETLIST      ; Off                                                      ; --                ; --          ; eda_board_design_signal_integrity ;
; EDA_GENERATE_FUNCTIONAL_NETLIST      ; Off                                                      ; --                ; --          ; eda_board_design_symbol           ;
; EDA_NATIVELINK_SIMULATION_TEST_BENCH ; KeyDecode_tb                                             ; --                ; --          ; eda_simulation                    ;
; EDA_OUTPUT_DATA_FORMAT               ; Vhdl                                                     ; --                ; --          ; eda_simulation                    ;
; EDA_RUN_TOOL_AUTOMATICALLY           ; Off                                                      ; --                ; --          ; eda_simulation                    ;
; EDA_SIMULATION_TOOL                  ; Questa Intel FPGA (VHDL)                                 ; <None>            ; --          ; --                                ;
; EDA_TEST_BENCH_ENABLE_STATUS         ; TEST_BENCH_MODE                                          ; --                ; --          ; eda_simulation                    ;
; EDA_TEST_BENCH_FILE                  ; ../KeyboardReader/KeyboardReader_tb.vhd                  ; --                ; --          ; KeyboardReader_tb                 ;
; EDA_TEST_BENCH_FILE                  ; ../KeyboardReader/RingBuffer/MAC_tb.vhd                  ; --                ; --          ; MAC_tb                            ;
; EDA_TEST_BENCH_FILE                  ; ../Serial/SerialReceiver/ParityCheck_tb.vhd              ; --                ; --          ; ParityCheck_tb                    ;
; EDA_TEST_BENCH_FILE                  ; ../KeyboardReader/OutputBuffer/OutputBuffer_tb.vhd       ; --                ; --          ; OutputBuffer_tb                   ;
; EDA_TEST_BENCH_FILE                  ; ../KeyboardReader/KeyDecode/KeyDecode_tb.vhd             ; --                ; --          ; KeyDecode_tb                      ;
; EDA_TEST_BENCH_FILE                  ; ../KeyboardReader/OutputBuffer/BufferControl_tb.vhd      ; --                ; --          ; BufferControl_tb                  ;
; EDA_TEST_BENCH_FILE                  ; ../KeyboardReader/KeyDecode/KeyControl/KeyControl_tb.vhd ; --                ; --          ; KeyControl_tb                     ;
; EDA_TEST_BENCH_FILE                  ; ../KeyboardReader/OutputBuffer/OutputRegister_tb.vhd     ; --                ; --          ; OutputRegister_tb                 ;
; EDA_TEST_BENCH_FILE                  ; ../Serial/SerialDispatcher/SerialDispatcher_tb.vhd       ; --                ; --          ; SerialDispatcher_tb               ;
; EDA_TEST_BENCH_FILE                  ; ../Serial/SerialReceiver/SerialControl_tb.vhd            ; --                ; --          ; SerialControl_tb                  ;
; EDA_TEST_BENCH_FILE                  ; ../Serial/SerialReceiver/SerialReceiver.vhd              ; --                ; --          ; SerialReceiver_tb                 ;
; EDA_TEST_BENCH_FILE                  ; ../Serial/SerialReceiver/ShiftRegister_tb.vhd            ; --                ; --          ; ShiftRegister_tb                  ;
; EDA_TEST_BENCH_FILE                  ; ../KeyboardReader/KeyDecode/KeyScan/KeyScan_tb.vhd       ; --                ; --          ; KeyScan_tb                        ;
; EDA_TEST_BENCH_FILE                  ; ../Serial/SerialController_tb.vhd                        ; --                ; --          ; SerialController_tb               ;
; EDA_TEST_BENCH_FILE                  ; ../KeyboardReader/RingBuffer/RBC_tb.vhd                  ; --                ; --          ; RBC_tb                            ;
; EDA_TEST_BENCH_FILE                  ; ../KeyboardReader/RingBuffer/RingBuffer_tb.vhd           ; --                ; --          ; RingBuffer_tb                     ;
; EDA_TEST_BENCH_MODULE_NAME           ; KeyboardReader_tb                                        ; --                ; --          ; KeyboardReader_tb                 ;
; EDA_TEST_BENCH_MODULE_NAME           ; MAC_tb                                                   ; --                ; --          ; MAC_tb                            ;
; EDA_TEST_BENCH_MODULE_NAME           ; ParityCheck_tb                                           ; --                ; --          ; ParityCheck_tb                    ;
; EDA_TEST_BENCH_MODULE_NAME           ; OutputBuffer_tb                                          ; --                ; --          ; OutputBuffer_tb                   ;
; EDA_TEST_BENCH_MODULE_NAME           ; KeyDecode_tb                                             ; --                ; --          ; KeyDecode_tb                      ;
; EDA_TEST_BENCH_MODULE_NAME           ; BufferControl_tb                                         ; --                ; --          ; BufferControl_tb                  ;
; EDA_TEST_BENCH_MODULE_NAME           ; KeyControl_tb                                            ; --                ; --          ; KeyControl_tb                     ;
; EDA_TEST_BENCH_MODULE_NAME           ; OutputRegister_tb                                        ; --                ; --          ; OutputRegister_tb                 ;
; EDA_TEST_BENCH_MODULE_NAME           ; SerialDispatcher_tb                                      ; --                ; --          ; SerialDispatcher_tb               ;
; EDA_TEST_BENCH_MODULE_NAME           ; SerialControl_tb                                         ; --                ; --          ; SerialControl_tb                  ;
; EDA_TEST_BENCH_MODULE_NAME           ; SerialReceiver_tb                                        ; --                ; --          ; SerialReceiver_tb                 ;
; EDA_TEST_BENCH_MODULE_NAME           ; ShiftRegister_tb                                         ; --                ; --          ; ShiftRegister_tb                  ;
; EDA_TEST_BENCH_MODULE_NAME           ; KeyScan_tb                                               ; --                ; --          ; KeyScan_tb                        ;
; EDA_TEST_BENCH_MODULE_NAME           ; SerialController_tb                                      ; --                ; --          ; SerialController_tb               ;
; EDA_TEST_BENCH_MODULE_NAME           ; RBC_tb                                                   ; --                ; --          ; RBC_tb                            ;
; EDA_TEST_BENCH_MODULE_NAME           ; RingBuffer_tb                                            ; --                ; --          ; RingBuffer_tb                     ;
; EDA_TEST_BENCH_NAME                  ; KeyScan_tb                                               ; --                ; --          ; eda_simulation                    ;
; EDA_TEST_BENCH_NAME                  ; KeyControl_tb                                            ; --                ; --          ; eda_simulation                    ;
; EDA_TEST_BENCH_NAME                  ; KeyDecode_tb                                             ; --                ; --          ; eda_simulation                    ;
; EDA_TEST_BENCH_NAME                  ; MAC_tb                                                   ; --                ; --          ; eda_simulation                    ;
; EDA_TEST_BENCH_NAME                  ; RBC_tb                                                   ; --                ; --          ; eda_simulation                    ;
; EDA_TEST_BENCH_NAME                  ; RingBuffer_tb                                            ; --                ; --          ; eda_simulation                    ;
; EDA_TEST_BENCH_NAME                  ; OutputRegister_tb                                        ; --                ; --          ; eda_simulation                    ;
; EDA_TEST_BENCH_NAME                  ; BufferControl_tb                                         ; --                ; --          ; eda_simulation                    ;
; EDA_TEST_BENCH_NAME                  ; OutputBuffer_tb                                          ; --                ; --          ; eda_simulation                    ;
; EDA_TEST_BENCH_NAME                  ; KeyboardReader_tb                                        ; --                ; --          ; eda_simulation                    ;
; EDA_TEST_BENCH_NAME                  ; ShiftRegister_tb                                         ; --                ; --          ; eda_simulation                    ;
; EDA_TEST_BENCH_NAME                  ; ParityCheck_tb                                           ; --                ; --          ; eda_simulation                    ;
; EDA_TEST_BENCH_NAME                  ; SerialControl_tb                                         ; --                ; --          ; eda_simulation                    ;
; EDA_TEST_BENCH_NAME                  ; SerialReceiver_tb                                        ; --                ; --          ; eda_simulation                    ;
; EDA_TEST_BENCH_NAME                  ; SerialDispatcher_tb                                      ; --                ; --          ; eda_simulation                    ;
; EDA_TEST_BENCH_NAME                  ; SerialController_tb                                      ; --                ; --          ; eda_simulation                    ;
; EDA_TIME_SCALE                       ; 1 ps                                                     ; --                ; --          ; eda_simulation                    ;
; MAX_CORE_JUNCTION_TEMP               ; 85                                                       ; --                ; --          ; --                                ;
; MIN_CORE_JUNCTION_TEMP               ; 0                                                        ; --                ; --          ; --                                ;
; PARTITION_COLOR                      ; -- (Not supported for targeted family)                   ; --                ; KeyDecode   ; Top                               ;
; PARTITION_FITTER_PRESERVATION_LEVEL  ; -- (Not supported for targeted family)                   ; --                ; KeyDecode   ; Top                               ;
; PARTITION_NETLIST_TYPE               ; -- (Not supported for targeted family)                   ; --                ; KeyDecode   ; Top                               ;
; POWER_BOARD_THERMAL_MODEL            ; None (CONSERVATIVE)                                      ; --                ; --          ; --                                ;
; POWER_PRESET_COOLING_SOLUTION        ; 23 MM HEAT SINK WITH 200 LFPM AIRFLOW                    ; --                ; --          ; --                                ;
; PROJECT_OUTPUT_DIRECTORY             ; output_files                                             ; --                ; --          ; --                                ;
; TOP_LEVEL_ENTITY                     ; KeyDecode                                                ; SpaceInvadersGame ; --          ; --                                ;
+--------------------------------------+----------------------------------------------------------+-------------------+-------------+-----------------------------------+


+--------------------------------------------------------------------------------------------------------------------------+
; Flow Elapsed Time                                                                                                        ;
+----------------------+--------------+-------------------------+---------------------+------------------------------------+
; Module Name          ; Elapsed Time ; Average Processors Used ; Peak Virtual Memory ; Total CPU Time (on all processors) ;
+----------------------+--------------+-------------------------+---------------------+------------------------------------+
; Analysis & Synthesis ; 00:00:05     ; 1.0                     ; 4882 MB             ; 00:00:06                           ;
; Fitter               ; 00:00:06     ; 1.0                     ; 6596 MB             ; 00:00:05                           ;
; Assembler            ; 00:00:01     ; 1.0                     ; 4736 MB             ; 00:00:01                           ;
; Timing Analyzer      ; 00:00:01     ; 1.1                     ; 4929 MB             ; 00:00:01                           ;
; EDA Netlist Writer   ; 00:00:01     ; 1.0                     ; 4640 MB             ; 00:00:00                           ;
; Total                ; 00:00:14     ; --                      ; --                  ; 00:00:13                           ;
+----------------------+--------------+-------------------------+---------------------+------------------------------------+


+------------------------------------------------------------------------------------+
; Flow OS Summary                                                                    ;
+----------------------+------------------+------------+------------+----------------+
; Module Name          ; Machine Hostname ; OS Name    ; OS Version ; Processor type ;
+----------------------+------------------+------------+------------+----------------+
; Analysis & Synthesis ; LAPTOP-D31BHLK4  ; Windows 10 ; 10.0       ; x86_64         ;
; Fitter               ; LAPTOP-D31BHLK4  ; Windows 10 ; 10.0       ; x86_64         ;
; Assembler            ; LAPTOP-D31BHLK4  ; Windows 10 ; 10.0       ; x86_64         ;
; Timing Analyzer      ; LAPTOP-D31BHLK4  ; Windows 10 ; 10.0       ; x86_64         ;
; EDA Netlist Writer   ; LAPTOP-D31BHLK4  ; Windows 10 ; 10.0       ; x86_64         ;
+----------------------+------------------+------------+------------+----------------+


------------
; Flow Log ;
------------
quartus_map --read_settings_files=on --write_settings_files=off SpaceInvadersGame -c SpaceInvadersGame
quartus_fit --read_settings_files=off --write_settings_files=off SpaceInvadersGame -c SpaceInvadersGame
quartus_asm --read_settings_files=off --write_settings_files=off SpaceInvadersGame -c SpaceInvadersGame
quartus_sta SpaceInvadersGame -c SpaceInvadersGame
quartus_eda --read_settings_files=off --write_settings_files=off SpaceInvadersGame -c SpaceInvadersGame



